<?xml version="1.0" encoding="UTF-8"?>
<testng-results ignored="0" total="1" passed="1" failed="0" skipped="0">
  <reporter-output>
  </reporter-output>
  <suite started-at="2024-10-26T23:19:56 IST" name="Default suite" finished-at="2024-10-26T23:20:21 IST" duration-ms="25442">
    <groups>
    </groups>
    <test started-at="2024-10-26T23:19:56 IST" name="Default test" finished-at="2024-10-26T23:20:21 IST" duration-ms="25442">
      <class name="Sprint_01.S6_85_Post_Deleted">
        <test-method signature="createPay()[pri:0, instance:Sprint_01.S6_85_Post_Deleted@712625fd]" started-at="2024-10-26T23:19:56 IST" name="createPay" finished-at="2024-10-26T23:20:21 IST" duration-ms="25405" status="PASS">
          <reporter-output>
          </reporter-output>
        </test-method> <!-- createPay -->
      </class> <!-- Sprint_01.S6_85_Post_Deleted -->
    </test> <!-- Default test -->
  </suite> <!-- Default suite -->
</testng-results>
